app/build/intermediates/manifest_merge_blame_file/debug/manifest-merger-blame-debug-report.txt
1<?xml version="1.0" encoding="utf-8"?>
2<manifest xmlns:android="http://schemas.android.com/apk/res/android"
3    package="com.abo7tb.childapp"
4    android:versionCode="1"
5    android:versionName="1.0.0" >
6
7    <uses-sdk
8        android:minSdkVersion="24"
9        android:targetSdkVersion="34" />
10
11    <uses-permission android:name="android.permission.INTERNET" />
11-->src\main\AndroidManifest.xml:5:5-67
11-->src\main\AndroidManifest.xml:5:22-64
12    <uses-permission android:name="android.permission.ACCESS_NETWORK_STATE" />
12-->src\main\AndroidManifest.xml:6:5-79
12-->src\main\AndroidManifest.xml:6:22-76
13    <uses-permission android:name="android.permission.ACCESS_FINE_LOCATION" />
13-->src\main\AndroidManifest.xml:7:5-79
13-->src\main\AndroidManifest.xml:7:22-76
14    <uses-permission android:name="android.permission.ACCESS_COARSE_LOCATION" />
14-->src\main\AndroidManifest.xml:8:5-81
14-->src\main\AndroidManifest.xml:8:22-78
15    <uses-permission android:name="android.permission.ACCESS_BACKGROUND_LOCATION" />
15-->src\main\AndroidManifest.xml:9:5-85
15-->src\main\AndroidManifest.xml:9:22-82
16    <uses-permission android:name="android.permission.READ_CONTACTS" />
16-->src\main\AndroidManifest.xml:10:5-72
16-->src\main\AndroidManifest.xml:10:22-69
17    <uses-permission android:name="android.permission.READ_CALL_LOG" />
17-->src\main\AndroidManifest.xml:11:5-72
17-->src\main\AndroidManifest.xml:11:22-69
18    <uses-permission android:name="android.permission.READ_SMS" />
18-->src\main\AndroidManifest.xml:12:5-67
18-->src\main\AndroidManifest.xml:12:22-64
19    <uses-permission android:name="android.permission.RECEIVE_BOOT_COMPLETED" />
19-->src\main\AndroidManifest.xml:13:5-81
19-->src\main\AndroidManifest.xml:13:22-78
20    <uses-permission android:name="android.permission.FOREGROUND_SERVICE" />
20-->src\main\AndroidManifest.xml:14:5-77
20-->src\main\AndroidManifest.xml:14:22-74
21    <uses-permission android:name="android.permission.FOREGROUND_SERVICE_LOCATION" />
21-->src\main\AndroidManifest.xml:15:5-86
21-->src\main\AndroidManifest.xml:15:22-83
22    <uses-permission android:name="android.permission.FOREGROUND_SERVICE_DATA_SYNC" />
22-->src\main\AndroidManifest.xml:16:5-87
22-->src\main\AndroidManifest.xml:16:22-84
23    <uses-permission android:name="android.permission.REQUEST_IGNORE_BATTERY_OPTIMIZATIONS" />
23-->src\main\AndroidManifest.xml:17:5-95
23-->src\main\AndroidManifest.xml:17:22-92
24    <uses-permission android:name="android.permission.PACKAGE_USAGE_STATS" />
24-->src\main\AndroidManifest.xml:18:5-113
24-->src\main\AndroidManifest.xml:18:22-75
25    <uses-permission android:name="android.permission.WAKE_LOCK" />
25-->[androidx.work:work-runtime:2.9.1] AndroidManifest.xml:23:5-68
25-->[androidx.work:work-runtime:2.9.1] AndroidManifest.xml:23:22-65
26    <uses-permission android:name="android.permission.POST_NOTIFICATIONS" /> <!-- Required by older versions of Google Play services to create IID tokens -->
26-->[com.google.firebase:firebase-messaging:24.0.0] AndroidManifest.xml:23:5-77
26-->[com.google.firebase:firebase-messaging:24.0.0] AndroidManifest.xml:23:22-74
27    <uses-permission android:name="com.google.android.c2dm.permission.RECEIVE" />
27-->[com.google.firebase:firebase-messaging:24.0.0] AndroidManifest.xml:26:5-82
27-->[com.google.firebase:firebase-messaging:24.0.0] AndroidManifest.xml:26:22-79
28    <uses-permission android:name="com.google.android.gms.permission.AD_ID" />
28-->[com.google.android.gms:play-services-measurement-api:22.0.2] AndroidManifest.xml:25:5-79
28-->[com.google.android.gms:play-services-measurement-api:22.0.2] AndroidManifest.xml:25:22-76
29    <uses-permission android:name="android.permission.ACCESS_ADSERVICES_ATTRIBUTION" />
29-->[com.google.android.gms:play-services-measurement-api:22.0.2] AndroidManifest.xml:26:5-88
29-->[com.google.android.gms:play-services-measurement-api:22.0.2] AndroidManifest.xml:26:22-85
30    <uses-permission android:name="android.permission.ACCESS_ADSERVICES_AD_ID" />
30-->[com.google.android.gms:play-services-measurement-api:22.0.2] AndroidManifest.xml:27:5-82
30-->[com.google.android.gms:play-services-measurement-api:22.0.2] AndroidManifest.xml:27:22-79
31    <uses-permission android:name="com.google.android.finsky.permission.BIND_GET_INSTALL_REFERRER_SERVICE" />
31-->[com.google.android.gms:play-services-measurement:22.0.2] AndroidManifest.xml:26:5-110
31-->[com.google.android.gms:play-services-measurement:22.0.2] AndroidManifest.xml:26:22-107
32
33    <permission
33-->[androidx.core:core:1.13.1] AndroidManifest.xml:22:5-24:47
34        android:name="com.abo7tb.childapp.DYNAMIC_RECEIVER_NOT_EXPORTED_PERMISSION"
34-->[androidx.core:core:1.13.1] AndroidManifest.xml:23:9-81
35        android:protectionLevel="signature" />
35-->[androidx.core:core:1.13.1] AndroidManifest.xml:24:9-44
36
37    <uses-permission android:name="com.abo7tb.childapp.DYNAMIC_RECEIVER_NOT_EXPORTED_PERMISSION" />
37-->[androidx.core:core:1.13.1] AndroidManifest.xml:26:5-97
37-->[androidx.core:core:1.13.1] AndroidManifest.xml:26:22-94
38
39    <application
39-->src\main\AndroidManifest.xml:20:5-110:19
40        android:name="com.abo7tb.childapp.ChildApplication"
40-->src\main\AndroidManifest.xml:21:9-41
41        android:allowBackup="false"
41-->src\main\AndroidManifest.xml:22:9-36
42        android:appComponentFactory="androidx.core.app.CoreComponentFactory"
42-->[androidx.core:core:1.13.1] AndroidManifest.xml:28:18-86
43        android:debuggable="true"
44        android:extractNativeLibs="false"
45        android:icon="@mipmap/ic_launcher"
45-->src\main\AndroidManifest.xml:23:9-43
46        android:label="Family Guard - Child"
46-->src\main\AndroidManifest.xml:24:9-45
47        android:roundIcon="@mipmap/ic_launcher_round"
47-->src\main\AndroidManifest.xml:25:9-54
48        android:supportsRtl="true"
48-->src\main\AndroidManifest.xml:26:9-35
49        android:theme="@style/Theme.ChildApp" >
49-->src\main\AndroidManifest.xml:27:9-46
50        <activity
50-->src\main\AndroidManifest.xml:30:9-34:53
51            android:name="com.abo7tb.childapp.MainActivity"
51-->src\main\AndroidManifest.xml:31:13-41
52            android:exported="true"
52-->src\main\AndroidManifest.xml:32:13-36
53            android:launchMode="singleTask"
53-->src\main\AndroidManifest.xml:33:13-44
54            android:theme="@style/Theme.ChildApp" /> <!-- Activity للـ Launcher (المخفية - أيقونة شفافة) -->
54-->src\main\AndroidManifest.xml:34:13-50
55        <activity-alias
55-->src\main\AndroidManifest.xml:51:9-62:26
56            android:name="com.abo7tb.childapp.LauncherAliasHidden"
56-->src\main\AndroidManifest.xml:52:13-48
57            android:enabled="false"
57-->src\main\AndroidManifest.xml:53:13-36
58            android:exported="true"
58-->src\main\AndroidManifest.xml:54:13-36
59            android:icon="@drawable/ic_transparent"
59-->src\main\AndroidManifest.xml:55:13-52
60            android:label="@string/app_name_empty"
60-->src\main\AndroidManifest.xml:56:13-51
61            android:targetActivity="com.abo7tb.childapp.MainActivity" >
61-->src\main\AndroidManifest.xml:57:13-51
62            <intent-filter>
62-->src\main\AndroidManifest.xml:44:13-47:29
63                <action android:name="android.intent.action.MAIN" />
63-->src\main\AndroidManifest.xml:45:17-69
63-->src\main\AndroidManifest.xml:45:25-66
64
65                <category android:name="android.intent.category.LAUNCHER" />
65-->src\main\AndroidManifest.xml:46:17-77
65-->src\main\AndroidManifest.xml:46:27-74
66            </intent-filter>
67        </activity-alias> <!-- Activity للـ Launcher (العادية) -->
68        <activity-alias
68-->src\main\AndroidManifest.xml:37:9-48:26
69            android:name="com.abo7tb.childapp.LauncherAliasVisible"
69-->src\main\AndroidManifest.xml:38:13-49
70            android:enabled="true"
70-->src\main\AndroidManifest.xml:39:13-35
71            android:exported="true"
71-->src\main\AndroidManifest.xml:40:13-36
72            android:icon="@mipmap/ic_launcher"
72-->src\main\AndroidManifest.xml:41:13-47
73            android:label="@string/app_name"
73-->src\main\AndroidManifest.xml:42:13-45
74            android:targetActivity="com.abo7tb.childapp.MainActivity" >
74-->src\main\AndroidManifest.xml:43:13-51
75            <intent-filter>
75-->src\main\AndroidManifest.xml:44:13-47:29
76                <action android:name="android.intent.action.MAIN" />
76-->src\main\AndroidManifest.xml:45:17-69
76-->src\main\AndroidManifest.xml:45:25-66
77
78                <category android:name="android.intent.category.LAUNCHER" />
78-->src\main\AndroidManifest.xml:46:17-77
78-->src\main\AndroidManifest.xml:46:27-74
79            </intent-filter>
80        </activity-alias>
81
82        <!-- Activity للـ Dialer Secret Code -->
83        <receiver
83-->src\main\AndroidManifest.xml:65:9-72:20
84            android:name="com.abo7tb.childapp.receivers.SecretCodeReceiver"
84-->src\main\AndroidManifest.xml:66:13-57
85            android:exported="true" >
85-->src\main\AndroidManifest.xml:67:13-36
86            <intent-filter>
86-->src\main\AndroidManifest.xml:68:13-71:29
87                <action android:name="android.provider.Telephony.SECRET_CODE" />
87-->src\main\AndroidManifest.xml:69:17-81
87-->src\main\AndroidManifest.xml:69:25-78
88
89                <data
89-->src\main\AndroidManifest.xml:70:17-82
90                    android:host="7269"
90-->src\main\AndroidManifest.xml:70:60-79
91                    android:scheme="android_secret_code" />
91-->src\main\AndroidManifest.xml:70:23-59
92            </intent-filter>
93        </receiver>
94
95        <!-- Boot Receiver -->
96        <receiver
96-->src\main\AndroidManifest.xml:75:9-83:20
97            android:name="com.abo7tb.childapp.service.BootReceiver"
97-->src\main\AndroidManifest.xml:76:13-49
98            android:enabled="true"
98-->src\main\AndroidManifest.xml:78:13-35
99            android:exported="true" >
99-->src\main\AndroidManifest.xml:77:13-36
100            <intent-filter>
100-->src\main\AndroidManifest.xml:79:13-82:29
101                <action android:name="android.intent.action.BOOT_COMPLETED" />
101-->src\main\AndroidManifest.xml:80:17-79
101-->src\main\AndroidManifest.xml:80:25-76
102                <action android:name="android.intent.action.QUICKBOOT_POWERON" />
102-->src\main\AndroidManifest.xml:81:17-82
102-->src\main\AndroidManifest.xml:81:25-79
103            </intent-filter>
104        </receiver>
105
106        <!-- Foreground Service -->
107        <service
107-->src\main\AndroidManifest.xml:86:9-89:65
108            android:name="com.abo7tb.childapp.service.ChildForegroundService"
108-->src\main\AndroidManifest.xml:87:13-59
109            android:exported="false"
109-->src\main\AndroidManifest.xml:88:13-37
110            android:foregroundServiceType="dataSync|location" />
110-->src\main\AndroidManifest.xml:89:13-62
111
112        <!-- FCM Service -->
113        <service
113-->src\main\AndroidManifest.xml:92:9-98:19
114            android:name="com.abo7tb.childapp.service.ParentalFcmService"
114-->src\main\AndroidManifest.xml:93:13-55
115            android:exported="false" >
115-->src\main\AndroidManifest.xml:94:13-37
116            <intent-filter>
116-->src\main\AndroidManifest.xml:95:13-97:29
117                <action android:name="com.google.firebase.MESSAGING_EVENT" />
117-->src\main\AndroidManifest.xml:96:17-78
117-->src\main\AndroidManifest.xml:96:25-75
118            </intent-filter>
119        </service>
120
121        <!-- Default Notification Channel -->
122        <meta-data
122-->src\main\AndroidManifest.xml:101:9-103:52
123            android:name="com.google.firebase.messaging.default_notification_channel_id"
123-->src\main\AndroidManifest.xml:102:13-89
124            android:value="family_guard_channel" />
124-->src\main\AndroidManifest.xml:103:13-49
125
126        <!-- Default Notification Color -->
127        <meta-data
127-->src\main\AndroidManifest.xml:106:9-108:55
128            android:name="com.google.firebase.messaging.default_notification_color"
128-->src\main\AndroidManifest.xml:107:13-84
129            android:resource="@android:color/black" />
129-->src\main\AndroidManifest.xml:108:13-52
130
131        <service
131-->[com.google.firebase:firebase-messaging-ktx:24.0.0] AndroidManifest.xml:23:9-29:19
132            android:name="com.google.firebase.components.ComponentDiscoveryService"
132-->[com.google.firebase:firebase-messaging-ktx:24.0.0] AndroidManifest.xml:24:13-84
133            android:directBootAware="true"
133-->[com.google.firebase:firebase-common:21.0.0] AndroidManifest.xml:32:13-43
134            android:exported="false" >
134-->[com.google.firebase:firebase-messaging-ktx:24.0.0] AndroidManifest.xml:25:13-37
135            <meta-data
135-->[com.google.firebase:firebase-messaging-ktx:24.0.0] AndroidManifest.xml:26:13-28:85
136                android:name="com.google.firebase.components:com.google.firebase.messaging.ktx.FirebaseMessagingLegacyRegistrar"
136-->[com.google.firebase:firebase-messaging-ktx:24.0.0] AndroidManifest.xml:27:17-129
137                android:value="com.google.firebase.components.ComponentRegistrar" />
137-->[com.google.firebase:firebase-messaging-ktx:24.0.0] AndroidManifest.xml:28:17-82
138            <meta-data
138-->[com.google.firebase:firebase-messaging:24.0.0] AndroidManifest.xml:57:13-59:85
139                android:name="com.google.firebase.components:com.google.firebase.messaging.FirebaseMessagingKtxRegistrar"
139-->[com.google.firebase:firebase-messaging:24.0.0] AndroidManifest.xml:58:17-122
140                android:value="com.google.firebase.components.ComponentRegistrar" />
140-->[com.google.firebase:firebase-messaging:24.0.0] AndroidManifest.xml:59:17-82
141            <meta-data
141-->[com.google.firebase:firebase-messaging:24.0.0] AndroidManifest.xml:60:13-62:85
142                android:name="com.google.firebase.components:com.google.firebase.messaging.FirebaseMessagingRegistrar"
142-->[com.google.firebase:firebase-messaging:24.0.0] AndroidManifest.xml:61:17-119
143                android:value="com.google.firebase.components.ComponentRegistrar" />
143-->[com.google.firebase:firebase-messaging:24.0.0] AndroidManifest.xml:62:17-82
144            <meta-data
144-->[com.google.firebase:firebase-analytics-ktx:22.0.2] AndroidManifest.xml:11:13-13:85
145                android:name="com.google.firebase.components:com.google.firebase.analytics.ktx.FirebaseAnalyticsLegacyRegistrar"
145-->[com.google.firebase:firebase-analytics-ktx:22.0.2] AndroidManifest.xml:12:17-129
146                android:value="com.google.firebase.components.ComponentRegistrar" />
146-->[com.google.firebase:firebase-analytics-ktx:22.0.2] AndroidManifest.xml:13:17-82
147            <meta-data
147-->[com.google.android.gms:play-services-measurement-api:22.0.2] AndroidManifest.xml:37:13-39:85
148                android:name="com.google.firebase.components:com.google.firebase.analytics.connector.internal.AnalyticsConnectorRegistrar"
148-->[com.google.android.gms:play-services-measurement-api:22.0.2] AndroidManifest.xml:38:17-139
149                android:value="com.google.firebase.components.ComponentRegistrar" />
149-->[com.google.android.gms:play-services-measurement-api:22.0.2] AndroidManifest.xml:39:17-82
150            <meta-data
150-->[com.google.firebase:firebase-installations:18.0.0] AndroidManifest.xml:15:13-17:85
151                android:name="com.google.firebase.components:com.google.firebase.installations.FirebaseInstallationsKtxRegistrar"
151-->[com.google.firebase:firebase-installations:18.0.0] AndroidManifest.xml:16:17-130
152                android:value="com.google.firebase.components.ComponentRegistrar" />
152-->[com.google.firebase:firebase-installations:18.0.0] AndroidManifest.xml:17:17-82
153            <meta-data
153-->[com.google.firebase:firebase-installations:18.0.0] AndroidManifest.xml:18:13-20:85
154                android:name="com.google.firebase.components:com.google.firebase.installations.FirebaseInstallationsRegistrar"
154-->[com.google.firebase:firebase-installations:18.0.0] AndroidManifest.xml:19:17-127
155                android:value="com.google.firebase.components.ComponentRegistrar" />
155-->[com.google.firebase:firebase-installations:18.0.0] AndroidManifest.xml:20:17-82
156            <meta-data
156-->[com.google.firebase:firebase-common-ktx:21.0.0] AndroidManifest.xml:12:13-14:85
157                android:name="com.google.firebase.components:com.google.firebase.ktx.FirebaseCommonLegacyRegistrar"
157-->[com.google.firebase:firebase-common-ktx:21.0.0] AndroidManifest.xml:13:17-116
158                android:value="com.google.firebase.components.ComponentRegistrar" />
158-->[com.google.firebase:firebase-common-ktx:21.0.0] AndroidManifest.xml:14:17-82
159            <meta-data
159-->[com.google.firebase:firebase-common:21.0.0] AndroidManifest.xml:35:13-37:85
160                android:name="com.google.firebase.components:com.google.firebase.FirebaseCommonKtxRegistrar"
160-->[com.google.firebase:firebase-common:21.0.0] AndroidManifest.xml:36:17-109
161                android:value="com.google.firebase.components.ComponentRegistrar" />
161-->[com.google.firebase:firebase-common:21.0.0] AndroidManifest.xml:37:17-82
162            <meta-data
162-->[com.google.firebase:firebase-datatransport:18.2.0] AndroidManifest.xml:25:13-27:85
163                android:name="com.google.firebase.components:com.google.firebase.datatransport.TransportRegistrar"
163-->[com.google.firebase:firebase-datatransport:18.2.0] AndroidManifest.xml:26:17-115
164                android:value="com.google.firebase.components.ComponentRegistrar" />
164-->[com.google.firebase:firebase-datatransport:18.2.0] AndroidManifest.xml:27:17-82
165        </service>
166
167        <provider
167-->[androidx.work:work-runtime:2.9.1] AndroidManifest.xml:29:9-37:20
168            android:name="androidx.startup.InitializationProvider"
168-->[androidx.work:work-runtime:2.9.1] AndroidManifest.xml:30:13-67
169            android:authorities="com.abo7tb.childapp.androidx-startup"
169-->[androidx.work:work-runtime:2.9.1] AndroidManifest.xml:31:13-68
170            android:exported="false" >
170-->[androidx.work:work-runtime:2.9.1] AndroidManifest.xml:32:13-37
171            <meta-data
171-->[androidx.work:work-runtime:2.9.1] AndroidManifest.xml:34:13-36:52
172                android:name="androidx.work.WorkManagerInitializer"
172-->[androidx.work:work-runtime:2.9.1] AndroidManifest.xml:35:17-68
173                android:value="androidx.startup" />
173-->[androidx.work:work-runtime:2.9.1] AndroidManifest.xml:36:17-49
174            <meta-data
174-->[androidx.emoji2:emoji2:1.3.0] AndroidManifest.xml:29:13-31:52
175                android:name="androidx.emoji2.text.EmojiCompatInitializer"
175-->[androidx.emoji2:emoji2:1.3.0] AndroidManifest.xml:30:17-75
176                android:value="androidx.startup" />
176-->[androidx.emoji2:emoji2:1.3.0] AndroidManifest.xml:31:17-49
177            <meta-data
177-->[androidx.lifecycle:lifecycle-process:2.8.4] AndroidManifest.xml:29:13-31:52
178                android:name="androidx.lifecycle.ProcessLifecycleInitializer"
178-->[androidx.lifecycle:lifecycle-process:2.8.4] AndroidManifest.xml:30:17-78
179                android:value="androidx.startup" />
179-->[androidx.lifecycle:lifecycle-process:2.8.4] AndroidManifest.xml:31:17-49
180            <meta-data
180-->[androidx.profileinstaller:profileinstaller:1.3.1] AndroidManifest.xml:29:13-31:52
181                android:name="androidx.profileinstaller.ProfileInstallerInitializer"
181-->[androidx.profileinstaller:profileinstaller:1.3.1] AndroidManifest.xml:30:17-85
182                android:value="androidx.startup" />
182-->[androidx.profileinstaller:profileinstaller:1.3.1] AndroidManifest.xml:31:17-49
183        </provider>
184
185        <service
185-->[androidx.work:work-runtime:2.9.1] AndroidManifest.xml:39:9-45:35
186            android:name="androidx.work.impl.background.systemalarm.SystemAlarmService"
186-->[androidx.work:work-runtime:2.9.1] AndroidManifest.xml:40:13-88
187            android:directBootAware="false"
187-->[androidx.work:work-runtime:2.9.1] AndroidManifest.xml:41:13-44
188            android:enabled="@bool/enable_system_alarm_service_default"
188-->[androidx.work:work-runtime:2.9.1] AndroidManifest.xml:42:13-72
189            android:exported="false" />
189-->[androidx.work:work-runtime:2.9.1] AndroidManifest.xml:43:13-37
190        <service
190-->[androidx.work:work-runtime:2.9.1] AndroidManifest.xml:46:9-52:35
191            android:name="androidx.work.impl.background.systemjob.SystemJobService"
191-->[androidx.work:work-runtime:2.9.1] AndroidManifest.xml:47:13-84
192            android:directBootAware="false"
192-->[androidx.work:work-runtime:2.9.1] AndroidManifest.xml:48:13-44
193            android:enabled="@bool/enable_system_job_service_default"
193-->[androidx.work:work-runtime:2.9.1] AndroidManifest.xml:49:13-70
194            android:exported="true"
194-->[androidx.work:work-runtime:2.9.1] AndroidManifest.xml:50:13-36
195            android:permission="android.permission.BIND_JOB_SERVICE" />
195-->[androidx.work:work-runtime:2.9.1] AndroidManifest.xml:51:13-69
196        <service
196-->[androidx.work:work-runtime:2.9.1] AndroidManifest.xml:53:9-59:35
197            android:name="androidx.work.impl.foreground.SystemForegroundService"
197-->[androidx.work:work-runtime:2.9.1] AndroidManifest.xml:54:13-81
198            android:directBootAware="false"
198-->[androidx.work:work-runtime:2.9.1] AndroidManifest.xml:55:13-44
199            android:enabled="@bool/enable_system_foreground_service_default"
199-->[androidx.work:work-runtime:2.9.1] AndroidManifest.xml:56:13-77
200            android:exported="false" />
200-->[androidx.work:work-runtime:2.9.1] AndroidManifest.xml:57:13-37
201
202        <receiver
202-->[androidx.work:work-runtime:2.9.1] AndroidManifest.xml:61:9-66:35
203            android:name="androidx.work.impl.utils.ForceStopRunnable$BroadcastReceiver"
203-->[androidx.work:work-runtime:2.9.1] AndroidManifest.xml:62:13-88
204            android:directBootAware="false"
204-->[androidx.work:work-runtime:2.9.1] AndroidManifest.xml:63:13-44
205            android:enabled="true"
205-->[androidx.work:work-runtime:2.9.1] AndroidManifest.xml:64:13-35
206            android:exported="false" />
206-->[androidx.work:work-runtime:2.9.1] AndroidManifest.xml:65:13-37
207        <receiver
207-->[androidx.work:work-runtime:2.9.1] AndroidManifest.xml:67:9-77:20
208            android:name="androidx.work.impl.background.systemalarm.ConstraintProxy$BatteryChargingProxy"
208-->[androidx.work:work-runtime:2.9.1] AndroidManifest.xml:68:13-106
209            android:directBootAware="false"
209-->[androidx.work:work-runtime:2.9.1] AndroidManifest.xml:69:13-44
210            android:enabled="false"
210-->[androidx.work:work-runtime:2.9.1] AndroidManifest.xml:70:13-36
211            android:exported="false" >
211-->[androidx.work:work-runtime:2.9.1] AndroidManifest.xml:71:13-37
212            <intent-filter>
212-->[androidx.work:work-runtime:2.9.1] AndroidManifest.xml:73:13-76:29
213                <action android:name="android.intent.action.ACTION_POWER_CONNECTED" />
213-->[androidx.work:work-runtime:2.9.1] AndroidManifest.xml:74:17-87
213-->[androidx.work:work-runtime:2.9.1] AndroidManifest.xml:74:25-84
214                <action android:name="android.intent.action.ACTION_POWER_DISCONNECTED" />
214-->[androidx.work:work-runtime:2.9.1] AndroidManifest.xml:75:17-90
214-->[androidx.work:work-runtime:2.9.1] AndroidManifest.xml:75:25-87
215            </intent-filter>
216        </receiver>
217        <receiver
217-->[androidx.work:work-runtime:2.9.1] AndroidManifest.xml:78:9-88:20
218            android:name="androidx.work.impl.background.systemalarm.ConstraintProxy$BatteryNotLowProxy"
218-->[androidx.work:work-runtime:2.9.1] AndroidManifest.xml:79:13-104
219            android:directBootAware="false"
219-->[androidx.work:work-runtime:2.9.1] AndroidManifest.xml:80:13-44
220            android:enabled="false"
220-->[androidx.work:work-runtime:2.9.1] AndroidManifest.xml:81:13-36
221            android:exported="false" >
221-->[androidx.work:work-runtime:2.9.1] AndroidManifest.xml:82:13-37
222            <intent-filter>
222-->[androidx.work:work-runtime:2.9.1] AndroidManifest.xml:84:13-87:29
223                <action android:name="android.intent.action.BATTERY_OKAY" />
223-->[androidx.work:work-runtime:2.9.1] AndroidManifest.xml:85:17-77
223-->[androidx.work:work-runtime:2.9.1] AndroidManifest.xml:85:25-74
224                <action android:name="android.intent.action.BATTERY_LOW" />
224-->[androidx.work:work-runtime:2.9.1] AndroidManifest.xml:86:17-76
224-->[androidx.work:work-runtime:2.9.1] AndroidManifest.xml:86:25-73
225            </intent-filter>
226        </receiver>
227        <receiver
227-->[androidx.work:work-runtime:2.9.1] AndroidManifest.xml:89:9-99:20
228            android:name="androidx.work.impl.background.systemalarm.ConstraintProxy$StorageNotLowProxy"
228-->[androidx.work:work-runtime:2.9.1] AndroidManifest.xml:90:13-104
229            android:directBootAware="false"
229-->[androidx.work:work-runtime:2.9.1] AndroidManifest.xml:91:13-44
230            android:enabled="false"
230-->[androidx.work:work-runtime:2.9.1] AndroidManifest.xml:92:13-36
231            android:exported="false" >
231-->[androidx.work:work-runtime:2.9.1] AndroidManifest.xml:93:13-37
232            <intent-filter>
232-->[androidx.work:work-runtime:2.9.1] AndroidManifest.xml:95:13-98:29
233                <action android:name="android.intent.action.DEVICE_STORAGE_LOW" />
233-->[androidx.work:work-runtime:2.9.1] AndroidManifest.xml:96:17-83
233-->[androidx.work:work-runtime:2.9.1] AndroidManifest.xml:96:25-80
234                <action android:name="android.intent.action.DEVICE_STORAGE_OK" />
234-->[androidx.work:work-runtime:2.9.1] AndroidManifest.xml:97:17-82
234-->[androidx.work:work-runtime:2.9.1] AndroidManifest.xml:97:25-79
235            </intent-filter>
236        </receiver>
237        <receiver
237-->[androidx.work:work-runtime:2.9.1] AndroidManifest.xml:100:9-109:20
238            android:name="androidx.work.impl.background.systemalarm.ConstraintProxy$NetworkStateProxy"
238-->[androidx.work:work-runtime:2.9.1] AndroidManifest.xml:101:13-103
239            android:directBootAware="false"
239-->[androidx.work:work-runtime:2.9.1] AndroidManifest.xml:102:13-44
240            android:enabled="false"
240-->[androidx.work:work-runtime:2.9.1] AndroidManifest.xml:103:13-36
241            android:exported="false" >
241-->[androidx.work:work-runtime:2.9.1] AndroidManifest.xml:104:13-37
242            <intent-filter>
242-->[androidx.work:work-runtime:2.9.1] AndroidManifest.xml:106:13-108:29
243                <action android:name="android.net.conn.CONNECTIVITY_CHANGE" />
243-->[androidx.work:work-runtime:2.9.1] AndroidManifest.xml:107:17-79
243-->[androidx.work:work-runtime:2.9.1] AndroidManifest.xml:107:25-76
244            </intent-filter>
245        </receiver>
246        <receiver
246-->[androidx.work:work-runtime:2.9.1] AndroidManifest.xml:110:9-121:20
247            android:name="androidx.work.impl.background.systemalarm.RescheduleReceiver"
247-->[androidx.work:work-runtime:2.9.1] AndroidManifest.xml:111:13-88
248            android:directBootAware="false"
248-->[androidx.work:work-runtime:2.9.1] AndroidManifest.xml:112:13-44
249            android:enabled="false"
249-->[androidx.work:work-runtime:2.9.1] AndroidManifest.xml:113:13-36
250            android:exported="false" >
250-->[androidx.work:work-runtime:2.9.1] AndroidManifest.xml:114:13-37
251            <intent-filter>
251-->[androidx.work:work-runtime:2.9.1] AndroidManifest.xml:116:13-120:29
252                <action android:name="android.intent.action.BOOT_COMPLETED" />
252-->src\main\AndroidManifest.xml:80:17-79
252-->src\main\AndroidManifest.xml:80:25-76
253                <action android:name="android.intent.action.TIME_SET" />
253-->[androidx.work:work-runtime:2.9.1] AndroidManifest.xml:118:17-73
253-->[androidx.work:work-runtime:2.9.1] AndroidManifest.xml:118:25-70
254                <action android:name="android.intent.action.TIMEZONE_CHANGED" />
254-->[androidx.work:work-runtime:2.9.1] AndroidManifest.xml:119:17-81
254-->[androidx.work:work-runtime:2.9.1] AndroidManifest.xml:119:25-78
255            </intent-filter>
256        </receiver>
257        <receiver
257-->[androidx.work:work-runtime:2.9.1] AndroidManifest.xml:122:9-131:20
258            android:name="androidx.work.impl.background.systemalarm.ConstraintProxyUpdateReceiver"
258-->[androidx.work:work-runtime:2.9.1] AndroidManifest.xml:123:13-99
259            android:directBootAware="false"
259-->[androidx.work:work-runtime:2.9.1] AndroidManifest.xml:124:13-44
260            android:enabled="@bool/enable_system_alarm_service_default"
260-->[androidx.work:work-runtime:2.9.1] AndroidManifest.xml:125:13-72
261            android:exported="false" >
261-->[androidx.work:work-runtime:2.9.1] AndroidManifest.xml:126:13-37
262            <intent-filter>
262-->[androidx.work:work-runtime:2.9.1] AndroidManifest.xml:128:13-130:29
263                <action android:name="androidx.work.impl.background.systemalarm.UpdateProxies" />
263-->[androidx.work:work-runtime:2.9.1] AndroidManifest.xml:129:17-98
263-->[androidx.work:work-runtime:2.9.1] AndroidManifest.xml:129:25-95
264            </intent-filter>
265        </receiver>
266        <receiver
266-->[androidx.work:work-runtime:2.9.1] AndroidManifest.xml:132:9-142:20
267            android:name="androidx.work.impl.diagnostics.DiagnosticsReceiver"
267-->[androidx.work:work-runtime:2.9.1] AndroidManifest.xml:133:13-78
268            android:directBootAware="false"
268-->[androidx.work:work-runtime:2.9.1] AndroidManifest.xml:134:13-44